<?xml version="1.0" encoding="UTF-8"?>
<!-- Generated by org.testng.reporters.JUnitXMLReporter -->
<testsuite ignored="0" hostname="SUJI" failures="0" tests="3" name="Test" time="36.224" errors="0" timestamp="2024-10-07T21:48:31 IST">
  <testcase classname="StepDefinitions.Tc001_AccRegTest" name="AccountRegistration" time="18.375"/>
  <testcase classname="StepDefinitions.TC002_LoginTest" name="verify_Login" time="1.738"/>
  <testcase classname="StepDefinitions.Tc003_LoginDDTest" name="verify_LoginDDT" time="1.949"/>
</testsuite> <!-- Test -->
