<?xml version="1.0" encoding="UTF-8"?>
<!-- Generated by org.testng.reporters.JUnitXMLReporter -->
<testsuite ignored="0" hostname="SUJI" failures="0" tests="3" name="Test" time="38.317" errors="0" timestamp="2024-10-08T00:52:20 IST">
  <testcase classname="StepDefinitions.Tc001_AccRegTest" name="AccountRegistration" time="17.199"/>
  <testcase classname="StepDefinitions.TC002_LoginTest" name="verify_Login" time="2.097"/>
  <testcase classname="StepDefinitions.Tc003_LoginDDTest" name="verify_LoginDDT" time="1.869"/>
</testsuite> <!-- Test -->
