<?xml version="1.0" encoding="UTF-8"?>
<!-- Generated by org.testng.reporters.JUnitXMLReporter -->
<testsuite ignored="0" hostname="SUJI" failures="0" tests="3" name="Test" time="152.194" errors="0" timestamp="2024-10-06T17:16:34 IST">
  <testcase classname="StepDefinitions.Tc001_AccRegTest" name="AccountRegistration" time="50.707"/>
  <testcase classname="StepDefinitions.TC002_LoginTest" name="verify_Login" time="2.063"/>
  <testcase classname="StepDefinitions.Tc003_LoginDDTest" name="verify_LoginDDT" time="2.264"/>
</testsuite> <!-- Test -->
