<?xml version="1.0" encoding="UTF-8"?>
<testng-results ignored="0" total="3" passed="3" failed="0" skipped="0">
  <reporter-output>
  </reporter-output>
  <suite started-at="2024-10-08T00:51:40 IST" name="Master Suite" finished-at="2024-10-08T00:52:18 IST" duration-ms="38317">
    <groups>
      <group name="Master">
        <method signature="TC002_LoginTest.verify_Login()[pri:0, instance:StepDefinitions.TC002_LoginTest@f001896]" name="verify_Login" class="StepDefinitions.TC002_LoginTest"/>
        <method signature="Tc001_AccRegTest.AccountRegistration()[pri:0, instance:StepDefinitions.Tc001_AccRegTest@62f68dff]" name="AccountRegistration" class="StepDefinitions.Tc001_AccRegTest"/>
        <method signature="Tc003_LoginDDTest.verify_LoginDDT()[pri:0, instance:StepDefinitions.Tc003_LoginDDTest@13f17eb4]" name="verify_LoginDDT" class="StepDefinitions.Tc003_LoginDDTest"/>
      </group> <!-- Master -->
      <group name="Sanity">
        <method signature="TC002_LoginTest.verify_Login()[pri:0, instance:StepDefinitions.TC002_LoginTest@f001896]" name="verify_Login" class="StepDefinitions.TC002_LoginTest"/>
      </group> <!-- Sanity -->
      <group name="Regression">
        <method signature="Tc001_AccRegTest.AccountRegistration()[pri:0, instance:StepDefinitions.Tc001_AccRegTest@62f68dff]" name="AccountRegistration" class="StepDefinitions.Tc001_AccRegTest"/>
      </group> <!-- Regression -->
    </groups>
    <test started-at="2024-10-08T00:51:40 IST" name="Test" finished-at="2024-10-08T00:52:18 IST" duration-ms="38317">
      <class name="StepDefinitions.Tc001_AccRegTest">
        <test-method is-config="true" signature="setup(java.lang.String,java.lang.String)[pri:0, instance:StepDefinitions.Tc001_AccRegTest@62f68dff]" started-at="2024-10-08T00:51:40 IST" name="setup" finished-at="2024-10-08T00:51:49 IST" duration-ms="8707" status="PASS">
          <params>
            <param index="0">
              <value>
                <![CDATA[Windows]]>
              </value>
            </param>
            <param index="1">
              <value>
                <![CDATA[chrome]]>
              </value>
            </param>
          </params>
          <reporter-output>
          </reporter-output>
        </test-method> <!-- setup -->
        <test-method signature="AccountRegistration()[pri:0, instance:StepDefinitions.Tc001_AccRegTest@62f68dff]" started-at="2024-10-08T00:51:49 IST" name="AccountRegistration" finished-at="2024-10-08T00:52:06 IST" duration-ms="17199" status="PASS">
          <reporter-output>
          </reporter-output>
        </test-method> <!-- AccountRegistration -->
        <test-method is-config="true" signature="tearDown()[pri:0, instance:StepDefinitions.Tc001_AccRegTest@62f68dff]" started-at="2024-10-08T00:52:06 IST" name="tearDown" finished-at="2024-10-08T00:52:07 IST" duration-ms="409" status="PASS">
          <reporter-output>
          </reporter-output>
        </test-method> <!-- tearDown -->
      </class> <!-- StepDefinitions.Tc001_AccRegTest -->
      <class name="StepDefinitions.TC002_LoginTest">
        <test-method is-config="true" signature="setup(java.lang.String,java.lang.String)[pri:0, instance:StepDefinitions.TC002_LoginTest@f001896]" started-at="2024-10-08T00:52:07 IST" name="setup" finished-at="2024-10-08T00:52:10 IST" duration-ms="3306" status="PASS">
          <params>
            <param index="0">
              <value>
                <![CDATA[Windows]]>
              </value>
            </param>
            <param index="1">
              <value>
                <![CDATA[chrome]]>
              </value>
            </param>
          </params>
          <reporter-output>
          </reporter-output>
        </test-method> <!-- setup -->
        <test-method signature="verify_Login()[pri:0, instance:StepDefinitions.TC002_LoginTest@f001896]" started-at="2024-10-08T00:52:10 IST" name="verify_Login" finished-at="2024-10-08T00:52:12 IST" duration-ms="2097" status="PASS">
          <reporter-output>
          </reporter-output>
        </test-method> <!-- verify_Login -->
        <test-method is-config="true" signature="tearDown()[pri:0, instance:StepDefinitions.TC002_LoginTest@f001896]" started-at="2024-10-08T00:52:12 IST" name="tearDown" finished-at="2024-10-08T00:52:13 IST" duration-ms="326" status="PASS">
          <reporter-output>
          </reporter-output>
        </test-method> <!-- tearDown -->
      </class> <!-- StepDefinitions.TC002_LoginTest -->
      <class name="StepDefinitions.Tc003_LoginDDTest">
        <test-method is-config="true" signature="setup(java.lang.String,java.lang.String)[pri:0, instance:StepDefinitions.Tc003_LoginDDTest@13f17eb4]" started-at="2024-10-08T00:52:13 IST" name="setup" finished-at="2024-10-08T00:52:16 IST" duration-ms="3518" status="PASS">
          <params>
            <param index="0">
              <value>
                <![CDATA[Windows]]>
              </value>
            </param>
            <param index="1">
              <value>
                <![CDATA[chrome]]>
              </value>
            </param>
          </params>
          <reporter-output>
          </reporter-output>
        </test-method> <!-- setup -->
        <test-method signature="verify_LoginDDT()[pri:0, instance:StepDefinitions.Tc003_LoginDDTest@13f17eb4]" started-at="2024-10-08T00:52:16 IST" name="verify_LoginDDT" finished-at="2024-10-08T00:52:18 IST" duration-ms="1869" status="PASS">
          <reporter-output>
          </reporter-output>
        </test-method> <!-- verify_LoginDDT -->
        <test-method is-config="true" signature="tearDown()[pri:0, instance:StepDefinitions.Tc003_LoginDDTest@13f17eb4]" started-at="2024-10-08T00:52:18 IST" name="tearDown" finished-at="2024-10-08T00:52:18 IST" duration-ms="230" status="PASS">
          <reporter-output>
          </reporter-output>
        </test-method> <!-- tearDown -->
      </class> <!-- StepDefinitions.Tc003_LoginDDTest -->
    </test> <!-- Test -->
  </suite> <!-- Master Suite -->
</testng-results>
