<?xml version="1.0" encoding="UTF-8"?>
<testng-results ignored="0" total="3" passed="3" failed="0" skipped="0">
  <reporter-output>
  </reporter-output>
  <suite started-at="2024-10-07T21:04:29 IST" name="Suite" finished-at="2024-10-07T21:05:24 IST" duration-ms="55407">
    <groups>
      <group name="Master">
        <method signature="TC002_LoginTest.verify_Login()[pri:0, instance:StepDefinitions.TC002_LoginTest@41a0aa7d]" name="verify_Login" class="StepDefinitions.TC002_LoginTest"/>
        <method signature="Tc001_AccRegTest.AccountRegistration()[pri:0, instance:StepDefinitions.Tc001_AccRegTest@e350b40]" name="AccountRegistration" class="StepDefinitions.Tc001_AccRegTest"/>
        <method signature="Tc003_LoginDDTest.verify_LoginDDT()[pri:0, instance:StepDefinitions.Tc003_LoginDDTest@2794eab6]" name="verify_LoginDDT" class="StepDefinitions.Tc003_LoginDDTest"/>
      </group> <!-- Master -->
      <group name="Sanity">
        <method signature="TC002_LoginTest.verify_Login()[pri:0, instance:StepDefinitions.TC002_LoginTest@41a0aa7d]" name="verify_Login" class="StepDefinitions.TC002_LoginTest"/>
      </group> <!-- Sanity -->
      <group name="Regression">
        <method signature="Tc001_AccRegTest.AccountRegistration()[pri:0, instance:StepDefinitions.Tc001_AccRegTest@e350b40]" name="AccountRegistration" class="StepDefinitions.Tc001_AccRegTest"/>
      </group> <!-- Regression -->
    </groups>
    <test started-at="2024-10-07T21:04:29 IST" name="Linux-Chrome" finished-at="2024-10-07T21:05:24 IST" duration-ms="55407">
      <class name="StepDefinitions.Tc001_AccRegTest">
        <test-method is-config="true" signature="setup(java.lang.String,java.lang.String)[pri:0, instance:StepDefinitions.Tc001_AccRegTest@e350b40]" started-at="2024-10-07T21:04:30 IST" name="setup" finished-at="2024-10-07T21:04:41 IST" duration-ms="10959" status="PASS">
          <params>
            <param index="0">
              <value>
                <![CDATA[Linux]]>
              </value>
            </param>
            <param index="1">
              <value>
                <![CDATA[firefox]]>
              </value>
            </param>
          </params>
          <reporter-output>
          </reporter-output>
        </test-method> <!-- setup -->
        <test-method signature="AccountRegistration()[pri:0, instance:StepDefinitions.Tc001_AccRegTest@e350b40]" started-at="2024-10-07T21:04:41 IST" name="AccountRegistration" finished-at="2024-10-07T21:04:57 IST" duration-ms="16716" status="PASS">
          <reporter-output>
          </reporter-output>
        </test-method> <!-- AccountRegistration -->
        <test-method is-config="true" signature="tearDown()[pri:0, instance:StepDefinitions.Tc001_AccRegTest@e350b40]" started-at="2024-10-07T21:04:58 IST" name="tearDown" finished-at="2024-10-07T21:05:00 IST" duration-ms="2718" status="PASS">
          <reporter-output>
          </reporter-output>
        </test-method> <!-- tearDown -->
      </class> <!-- StepDefinitions.Tc001_AccRegTest -->
      <class name="StepDefinitions.TC002_LoginTest">
        <test-method is-config="true" signature="setup(java.lang.String,java.lang.String)[pri:0, instance:StepDefinitions.TC002_LoginTest@41a0aa7d]" started-at="2024-10-07T21:05:00 IST" name="setup" finished-at="2024-10-07T21:05:08 IST" duration-ms="8053" status="PASS">
          <params>
            <param index="0">
              <value>
                <![CDATA[Linux]]>
              </value>
            </param>
            <param index="1">
              <value>
                <![CDATA[firefox]]>
              </value>
            </param>
          </params>
          <reporter-output>
          </reporter-output>
        </test-method> <!-- setup -->
        <test-method signature="verify_Login()[pri:0, instance:StepDefinitions.TC002_LoginTest@41a0aa7d]" started-at="2024-10-07T21:05:08 IST" name="verify_Login" finished-at="2024-10-07T21:05:10 IST" duration-ms="1593" status="PASS">
          <reporter-output>
          </reporter-output>
        </test-method> <!-- verify_Login -->
        <test-method is-config="true" signature="tearDown()[pri:0, instance:StepDefinitions.TC002_LoginTest@41a0aa7d]" started-at="2024-10-07T21:05:10 IST" name="tearDown" finished-at="2024-10-07T21:05:12 IST" duration-ms="2047" status="PASS">
          <reporter-output>
          </reporter-output>
        </test-method> <!-- tearDown -->
      </class> <!-- StepDefinitions.TC002_LoginTest -->
      <class name="StepDefinitions.Tc003_LoginDDTest">
        <test-method is-config="true" signature="setup(java.lang.String,java.lang.String)[pri:0, instance:StepDefinitions.Tc003_LoginDDTest@2794eab6]" started-at="2024-10-07T21:05:12 IST" name="setup" finished-at="2024-10-07T21:05:20 IST" duration-ms="8225" status="PASS">
          <params>
            <param index="0">
              <value>
                <![CDATA[Linux]]>
              </value>
            </param>
            <param index="1">
              <value>
                <![CDATA[firefox]]>
              </value>
            </param>
          </params>
          <reporter-output>
          </reporter-output>
        </test-method> <!-- setup -->
        <test-method signature="verify_LoginDDT()[pri:0, instance:StepDefinitions.Tc003_LoginDDTest@2794eab6]" started-at="2024-10-07T21:05:20 IST" name="verify_LoginDDT" finished-at="2024-10-07T21:05:22 IST" duration-ms="1757" status="PASS">
          <reporter-output>
          </reporter-output>
        </test-method> <!-- verify_LoginDDT -->
        <test-method is-config="true" signature="tearDown()[pri:0, instance:StepDefinitions.Tc003_LoginDDTest@2794eab6]" started-at="2024-10-07T21:05:22 IST" name="tearDown" finished-at="2024-10-07T21:05:24 IST" duration-ms="2449" status="PASS">
          <reporter-output>
          </reporter-output>
        </test-method> <!-- tearDown -->
      </class> <!-- StepDefinitions.Tc003_LoginDDTest -->
    </test> <!-- Linux-Chrome -->
  </suite> <!-- Suite -->
</testng-results>
